Using pre-set license
Built from '2020.3/release' branch; Version is '2020.3.34f1 (9a4c9c70452b) revision 10112156'; Using compiler version '192528614'; Build Type 'Release'
OS: 'Windows 11  (10.0.22000) 64bit Core' Language: 'en' Physical Memory: 16287 MB
BatchMode: 1, IsHumanControllingUs: 0, StartBugReporterOnCrash: 0, Is64bit: 1, IsPro: 0

COMMAND LINE ARGUMENTS:
C:\Program Files\UnityEditor\2020.3.34f1\Editor\Unity.exe
-adb2
-batchMode
-noUpm
-name
AssetImportWorker0
-projectPath
C:/Users/turne/Documents/UnityGames/Event Bus and Command
-logFile
Logs/AssetImportWorker0.log
-srvPort
59265
Successfully changed project path to: C:/Users/turne/Documents/UnityGames/Event Bus and Command
C:/Users/turne/Documents/UnityGames/Event Bus and Command
Using Asset Import Pipeline V2.
Refreshing native plugins compatible for Editor in 39.80 ms, found 2 plugins.
Preloading 0 native plugins for Editor in 0.00 ms.
Initialize engine version: 2020.3.34f1 (9a4c9c70452b)
[Subsystems] Discovering subsystems at path C:/Program Files/UnityEditor/2020.3.34f1/Editor/Data/Resources/UnitySubsystems
[Subsystems] Discovering subsystems at path C:/Users/turne/Documents/UnityGames/Event Bus and Command/Assets
GfxDevice: creating device client; threaded=0
Direct3D:
    Version:  Direct3D 11.0 [level 11.1]
    Renderer: AMD Radeon (TM) Pro WX 7100 Graphics (ID=0x67c4)
    Vendor:   
    VRAM:     8171 MB
    Driver:   27.20.14535.3005
Initialize mono
Mono path[0] = 'C:/Program Files/UnityEditor/2020.3.34f1/Editor/Data/Managed'
Mono path[1] = 'C:/Program Files/UnityEditor/2020.3.34f1/Editor/Data/MonoBleedingEdge/lib/mono/unityjit'
Mono config path = 'C:/Program Files/UnityEditor/2020.3.34f1/Editor/Data/MonoBleedingEdge/etc'
Using monoOptions --debugger-agent=transport=dt_socket,embedding=1,server=y,suspend=n,address=127.0.0.1:56392
Begin MonoManager ReloadAssembly
Registering precompiled unity dll's ...
Register platform support module: C:/Program Files/UnityEditor/2020.3.34f1/Editor/Data/PlaybackEngines/WebGLSupport/UnityEditor.WebGL.Extensions.dll
Register platform support module: C:/Program Files/UnityEditor/2020.3.34f1/Editor/Data/PlaybackEngines/MacStandaloneSupport/UnityEditor.OSXStandalone.Extensions.dll
Register platform support module: C:/Program Files/UnityEditor/2020.3.34f1/Editor/Data/PlaybackEngines/WindowsStandaloneSupport/UnityEditor.WindowsStandalone.Extensions.dll
Registered in 0.002067 seconds.
Native extension for WindowsStandalone target not found
Native extension for OSXStandalone target not found
Native extension for WebGL target not found
Refreshing native plugins compatible for Editor in 30.50 ms, found 2 plugins.
Preloading 0 native plugins for Editor in 0.00 ms.
Mono: successfully reloaded assembly
- Completed reload, in  0.579 seconds
Domain Reload Profiling:
	ReloadAssembly (580ms)
		BeginReloadAssembly (61ms)
			ExecutionOrderSort (0ms)
			DisableScriptedObjects (0ms)
			BackupInstance (0ms)
			ReleaseScriptingObjects (0ms)
			CreateAndSetChildDomain (1ms)
		EndReloadAssembly (444ms)
			LoadAssemblies (60ms)
			RebuildTransferFunctionScriptingTraits (0ms)
			SetupTypeCache (158ms)
			ReleaseScriptCaches (0ms)
			RebuildScriptCaches (30ms)
			SetupLoadedEditorAssemblies (161ms)
				LogAssemblyErrors (0ms)
				InitializePlatformSupportModulesInManaged (6ms)
				SetLoadedEditorAssemblies (0ms)
				RefreshPlugins (31ms)
				BeforeProcessingInitializeOnLoad (15ms)
				ProcessInitializeOnLoadAttributes (81ms)
				ProcessInitializeOnLoadMethodAttributes (28ms)
				AfterProcessingInitializeOnLoad (0ms)
				EditorAssembliesLoaded (0ms)
			ExecutionOrderSort2 (0ms)
			AwakeInstancesAfterBackupRestoration (0ms)
Platform modules already initialized, skipping
Registering precompiled user dll's ...
Registered in 0.002463 seconds.
Begin MonoManager ReloadAssembly
Native extension for WindowsStandalone target not found
Native extension for OSXStandalone target not found
Native extension for WebGL target not found
Refreshing native plugins compatible for Editor in 0.40 ms, found 2 plugins.
Preloading 0 native plugins for Editor in 0.00 ms.
Mono: successfully reloaded assembly
- Completed reload, in  0.989 seconds
Domain Reload Profiling:
	ReloadAssembly (990ms)
		BeginReloadAssembly (140ms)
			ExecutionOrderSort (0ms)
			DisableScriptedObjects (5ms)
			BackupInstance (0ms)
			ReleaseScriptingObjects (0ms)
			CreateAndSetChildDomain (22ms)
		EndReloadAssembly (791ms)
			LoadAssemblies (86ms)
			RebuildTransferFunctionScriptingTraits (0ms)
			SetupTypeCache (274ms)
			ReleaseScriptCaches (1ms)
			RebuildScriptCaches (39ms)
			SetupLoadedEditorAssemblies (301ms)
				LogAssemblyErrors (0ms)
				InitializePlatformSupportModulesInManaged (6ms)
				SetLoadedEditorAssemblies (0ms)
				RefreshPlugins (1ms)
				BeforeProcessingInitializeOnLoad (77ms)
				ProcessInitializeOnLoadAttributes (200ms)
				ProcessInitializeOnLoadMethodAttributes (12ms)
				AfterProcessingInitializeOnLoad (4ms)
				EditorAssembliesLoaded (1ms)
			ExecutionOrderSort2 (0ms)
			AwakeInstancesAfterBackupRestoration (4ms)
Platform modules already initialized, skipping
========================================================================
Worker process is ready to serve import requests
Launched and connected shader compiler UnityShaderCompiler.exe after 0.04 seconds
Refreshing native plugins compatible for Editor in 0.46 ms, found 2 plugins.
Preloading 0 native plugins for Editor in 0.00 ms.
Unloading 1516 Unused Serialized files (Serialized files now loaded: 0)
System memory in use before: 68.9 MB.
System memory in use after: 68.9 MB.

Unloading 16 unused Assets to reduce memory usage. Loaded Objects now: 1952.
Total: 3.989300 ms (FindLiveObjects: 0.186800 ms CreateObjectMapping: 0.043200 ms MarkObjects: 3.632100 ms  DeleteObjects: 0.125200 ms)

AssetImportParameters requested are different than current active one (requested -> active):
  custom:framework-win-MediaFoundation: 216162199b28c13a410421893ffa2e32 -> 
  custom:video-decoder-ogg-theora: a1e56fd34408186e4bbccfd4996cb3dc -> 
  custom:container-muxer-webm: aa71ff27fc2769a1b78a27578f13a17b -> 
  custom:container-demuxer-webm: 4f35f7cbe854078d1ac9338744f61a02 -> 
  custom:container-demuxer-ogg: 62fdf1f143b41e24485cea50d1cbac27 -> 
  custom:video-encoder-webm-vp8: eb34c28f22e8b96e1ab97ce403110664 -> 
  custom:video-decoder-webm-vp8: 9c59270c3fd7afecdb556c50c9e8de78 -> 
  custom:audio-decoder-ogg-vorbis: bf7c407c2cedff20999df2af8eb42d56 -> 
  custom:audio-encoder-webm-vorbis: bf7c407c2cedff20999df2af8eb42d56 -> 
========================================================================
Received Import Request.
  path: Assets/InputHandler.cs
  artifactKey: Guid(122cc983d3722ed4ebadb8f0a9f7432a) Importer(815301076,1909f56bfc062723c751e8b465ee728b)
Start importing Assets/InputHandler.cs using Guid(122cc983d3722ed4ebadb8f0a9f7432a) Importer(815301076,1909f56bfc062723c751e8b465ee728b)  -> (artifact id: '214c935432a6d80923c898f8a42f834e') in 0.023696 seconds 
========================================================================
Received Prepare
Registering precompiled user dll's ...
Registered in 0.002122 seconds.
Begin MonoManager ReloadAssembly
Native extension for WindowsStandalone target not found
Native extension for OSXStandalone target not found
Native extension for WebGL target not found
Refreshing native plugins compatible for Editor in 0.46 ms, found 2 plugins.
Preloading 0 native plugins for Editor in 0.00 ms.
Mono: successfully reloaded assembly
- Completed reload, in  0.852 seconds
Domain Reload Profiling:
	ReloadAssembly (852ms)
		BeginReloadAssembly (110ms)
			ExecutionOrderSort (0ms)
			DisableScriptedObjects (4ms)
			BackupInstance (0ms)
			ReleaseScriptingObjects (0ms)
			CreateAndSetChildDomain (32ms)
		EndReloadAssembly (682ms)
			LoadAssemblies (87ms)
			RebuildTransferFunctionScriptingTraits (0ms)
			SetupTypeCache (242ms)
			ReleaseScriptCaches (1ms)
			RebuildScriptCaches (33ms)
			SetupLoadedEditorAssemblies (249ms)
				LogAssemblyErrors (0ms)
				InitializePlatformSupportModulesInManaged (6ms)
				SetLoadedEditorAssemblies (0ms)
				RefreshPlugins (1ms)
				BeforeProcessingInitializeOnLoad (64ms)
				ProcessInitializeOnLoadAttributes (163ms)
				ProcessInitializeOnLoadMethodAttributes (11ms)
				AfterProcessingInitializeOnLoad (5ms)
				EditorAssembliesLoaded (0ms)
			ExecutionOrderSort2 (0ms)
			AwakeInstancesAfterBackupRestoration (2ms)
Platform modules already initialized, skipping
Refreshing native plugins compatible for Editor in 0.76 ms, found 2 plugins.
Preloading 0 native plugins for Editor in 0.00 ms.
Unloading 1510 Unused Serialized files (Serialized files now loaded: 0)
System memory in use before: 68.7 MB.
System memory in use after: 68.8 MB.

Unloading 11 unused Assets to reduce memory usage. Loaded Objects now: 1955.
Total: 3.297200 ms (FindLiveObjects: 0.213200 ms CreateObjectMapping: 0.049300 ms MarkObjects: 3.013300 ms  DeleteObjects: 0.020300 ms)

AssetImportParameters requested are different than current active one (requested -> active):
  custom:framework-win-MediaFoundation: 216162199b28c13a410421893ffa2e32 -> 
  custom:video-decoder-ogg-theora: a1e56fd34408186e4bbccfd4996cb3dc -> 
  custom:container-muxer-webm: aa71ff27fc2769a1b78a27578f13a17b -> 
  custom:container-demuxer-webm: 4f35f7cbe854078d1ac9338744f61a02 -> 
  custom:container-demuxer-ogg: 62fdf1f143b41e24485cea50d1cbac27 -> 
  custom:video-encoder-webm-vp8: eb34c28f22e8b96e1ab97ce403110664 -> 
  custom:video-decoder-webm-vp8: 9c59270c3fd7afecdb556c50c9e8de78 -> 
  custom:audio-decoder-ogg-vorbis: bf7c407c2cedff20999df2af8eb42d56 -> 
  custom:audio-encoder-webm-vorbis: bf7c407c2cedff20999df2af8eb42d56 -> 
========================================================================
Received Import Request.
  Time since last request: 518.074749 seconds.
  path: Assets/Command.cs
  artifactKey: Guid(21f0f96d8524e1d43bb8af2f6c0009d7) Importer(815301076,1909f56bfc062723c751e8b465ee728b)
Start importing Assets/Command.cs using Guid(21f0f96d8524e1d43bb8af2f6c0009d7) Importer(815301076,1909f56bfc062723c751e8b465ee728b)  -> (artifact id: '39de755ad37e96b4adfa6cef121be221') in 0.010938 seconds 
========================================================================
Received Prepare
Registering precompiled user dll's ...
Registered in 0.002268 seconds.
Begin MonoManager ReloadAssembly
Native extension for WindowsStandalone target not found
Native extension for OSXStandalone target not found
Native extension for WebGL target not found
Refreshing native plugins compatible for Editor in 0.39 ms, found 2 plugins.
Preloading 0 native plugins for Editor in 0.00 ms.
Mono: successfully reloaded assembly
- Completed reload, in  0.898 seconds
Domain Reload Profiling:
	ReloadAssembly (898ms)
		BeginReloadAssembly (112ms)
			ExecutionOrderSort (0ms)
			DisableScriptedObjects (4ms)
			BackupInstance (0ms)
			ReleaseScriptingObjects (0ms)
			CreateAndSetChildDomain (39ms)
		EndReloadAssembly (728ms)
			LoadAssemblies (90ms)
			RebuildTransferFunctionScriptingTraits (0ms)
			SetupTypeCache (259ms)
			ReleaseScriptCaches (1ms)
			RebuildScriptCaches (33ms)
			SetupLoadedEditorAssemblies (267ms)
				LogAssemblyErrors (0ms)
				InitializePlatformSupportModulesInManaged (6ms)
				SetLoadedEditorAssemblies (0ms)
				RefreshPlugins (0ms)
				BeforeProcessingInitializeOnLoad (65ms)
				ProcessInitializeOnLoadAttributes (175ms)
				ProcessInitializeOnLoadMethodAttributes (14ms)
				AfterProcessingInitializeOnLoad (6ms)
				EditorAssembliesLoaded (0ms)
			ExecutionOrderSort2 (0ms)
			AwakeInstancesAfterBackupRestoration (3ms)
Platform modules already initialized, skipping
Refreshing native plugins compatible for Editor in 0.58 ms, found 2 plugins.
Preloading 0 native plugins for Editor in 0.00 ms.
Unloading 1511 Unused Serialized files (Serialized files now loaded: 0)
System memory in use before: 68.8 MB.
System memory in use after: 68.9 MB.

Unloading 11 unused Assets to reduce memory usage. Loaded Objects now: 1959.
Total: 4.835100 ms (FindLiveObjects: 0.346400 ms CreateObjectMapping: 0.068300 ms MarkObjects: 4.385700 ms  DeleteObjects: 0.033200 ms)

AssetImportParameters requested are different than current active one (requested -> active):
  custom:framework-win-MediaFoundation: 216162199b28c13a410421893ffa2e32 -> 
  custom:video-decoder-ogg-theora: a1e56fd34408186e4bbccfd4996cb3dc -> 
  custom:container-muxer-webm: aa71ff27fc2769a1b78a27578f13a17b -> 
  custom:container-demuxer-webm: 4f35f7cbe854078d1ac9338744f61a02 -> 
  custom:container-demuxer-ogg: 62fdf1f143b41e24485cea50d1cbac27 -> 
  custom:video-encoder-webm-vp8: eb34c28f22e8b96e1ab97ce403110664 -> 
  custom:video-decoder-webm-vp8: 9c59270c3fd7afecdb556c50c9e8de78 -> 
  custom:audio-decoder-ogg-vorbis: bf7c407c2cedff20999df2af8eb42d56 -> 
  custom:audio-encoder-webm-vorbis: bf7c407c2cedff20999df2af8eb42d56 -> 
========================================================================
Received Import Request.
  Time since last request: 71.261361 seconds.
  path: Assets/Command.cs
  artifactKey: Guid(21f0f96d8524e1d43bb8af2f6c0009d7) Importer(815301076,1909f56bfc062723c751e8b465ee728b)
Start importing Assets/Command.cs using Guid(21f0f96d8524e1d43bb8af2f6c0009d7) Importer(815301076,1909f56bfc062723c751e8b465ee728b)  -> (artifact id: '753e08c118391ab36e91b79bc25fe2f5') in 0.005757 seconds 
========================================================================
Received Import Request.
  Time since last request: 24.134171 seconds.
  path: Assets/ToggleTurbo.cs
  artifactKey: Guid(217b50c7f2cf0cc46a8008e66b161be0) Importer(815301076,1909f56bfc062723c751e8b465ee728b)
Start importing Assets/ToggleTurbo.cs using Guid(217b50c7f2cf0cc46a8008e66b161be0) Importer(815301076,1909f56bfc062723c751e8b465ee728b)  -> (artifact id: 'a5c24d0cd31b1b4997ec4e8d4aebe1f7') in 0.005677 seconds 
========================================================================
Received Import Request.
  Time since last request: 228.307176 seconds.
  path: Assets/ToggleTurbo.cs
  artifactKey: Guid(217b50c7f2cf0cc46a8008e66b161be0) Importer(815301076,1909f56bfc062723c751e8b465ee728b)
Start importing Assets/ToggleTurbo.cs using Guid(217b50c7f2cf0cc46a8008e66b161be0) Importer(815301076,1909f56bfc062723c751e8b465ee728b)  -> (artifact id: '952525c9f26b2508f11f409ba60af022') in 0.002571 seconds 
========================================================================
Received Import Request.
  Time since last request: 16.460530 seconds.
  path: Assets/TurnLeft.cs
  artifactKey: Guid(57bdd31a607857c40b41cbd0a5aa244b) Importer(815301076,1909f56bfc062723c751e8b465ee728b)
Start importing Assets/TurnLeft.cs using Guid(57bdd31a607857c40b41cbd0a5aa244b) Importer(815301076,1909f56bfc062723c751e8b465ee728b)  -> (artifact id: 'eb78ae2fbb432ea59523dbf615b35c76') in 0.007793 seconds 
========================================================================
Received Import Request.
  Time since last request: 142.225130 seconds.
  path: Assets/TurnLeft.cs
  artifactKey: Guid(57bdd31a607857c40b41cbd0a5aa244b) Importer(815301076,1909f56bfc062723c751e8b465ee728b)
Start importing Assets/TurnLeft.cs using Guid(57bdd31a607857c40b41cbd0a5aa244b) Importer(815301076,1909f56bfc062723c751e8b465ee728b)  -> (artifact id: '31c67d3b8ea13841e22c599154d85a04') in 0.002615 seconds 
========================================================================
Received Import Request.
  Time since last request: 11.264082 seconds.
  path: Assets/TurnRight.cs
  artifactKey: Guid(1a0ba3444ce58ba4abdbe9c65e603d25) Importer(815301076,1909f56bfc062723c751e8b465ee728b)
Start importing Assets/TurnRight.cs using Guid(1a0ba3444ce58ba4abdbe9c65e603d25) Importer(815301076,1909f56bfc062723c751e8b465ee728b)  -> (artifact id: '6c66dba36eef06ea3877bcabd8a7f155') in 0.005891 seconds 
========================================================================
Received Import Request.
  Time since last request: 132.269885 seconds.
  path: Assets/TurnRight.cs
  artifactKey: Guid(1a0ba3444ce58ba4abdbe9c65e603d25) Importer(815301076,1909f56bfc062723c751e8b465ee728b)
Start importing Assets/TurnRight.cs using Guid(1a0ba3444ce58ba4abdbe9c65e603d25) Importer(815301076,1909f56bfc062723c751e8b465ee728b)  -> (artifact id: '9ca43f93ada468edc8bbfa5782acd182') in 0.002793 seconds 
========================================================================
Received Import Request.
  Time since last request: 32.219935 seconds.
  path: Assets/Invoke.cs
  artifactKey: Guid(b026499fec792c24ea5a73fdc4b2a629) Importer(815301076,1909f56bfc062723c751e8b465ee728b)
Start importing Assets/Invoke.cs using Guid(b026499fec792c24ea5a73fdc4b2a629) Importer(815301076,1909f56bfc062723c751e8b465ee728b)  -> (artifact id: '96d571d5afd6f693467a1d6e13f94fe8') in 0.006108 seconds 
========================================================================
Received Import Request.
  Time since last request: 8.987303 seconds.
  path: Assets/Invoker.cs
  artifactKey: Guid(b026499fec792c24ea5a73fdc4b2a629) Importer(815301076,1909f56bfc062723c751e8b465ee728b)
Start importing Assets/Invoker.cs using Guid(b026499fec792c24ea5a73fdc4b2a629) Importer(815301076,1909f56bfc062723c751e8b465ee728b)  -> (artifact id: '5dcf6b6026c2178dc3014bc7e12f4c2f') in 0.005436 seconds 
========================================================================
Received Import Request.
  Time since last request: 1447.075662 seconds.
  path: Assets/Invoker.cs
  artifactKey: Guid(b026499fec792c24ea5a73fdc4b2a629) Importer(815301076,1909f56bfc062723c751e8b465ee728b)
Start importing Assets/Invoker.cs using Guid(b026499fec792c24ea5a73fdc4b2a629) Importer(815301076,1909f56bfc062723c751e8b465ee728b)  -> (artifact id: '2a87699250290f4cb673cab0d71ca97f') in 0.002288 seconds 
========================================================================
Received Import Request.
  Time since last request: 193.819949 seconds.
  path: Assets/InputHandler.cs
  artifactKey: Guid(122cc983d3722ed4ebadb8f0a9f7432a) Importer(815301076,1909f56bfc062723c751e8b465ee728b)
Start importing Assets/InputHandler.cs using Guid(122cc983d3722ed4ebadb8f0a9f7432a) Importer(815301076,1909f56bfc062723c751e8b465ee728b)  -> (artifact id: '47ad3891ef84ce60366cb8e30ff5412e') in 0.002553 seconds 
AssetImportWorkerClient::OnTransportError - code=2 error=End of file
